Using pre-set license
Built from '2020.3/staging' branch; Version is '2020.3.0f1 (c7b5465681fb) revision 13088070'; Using compiler version '192528614'; Build Type 'Release'
OS: 'Windows 10 Home; OS build 19042.928; Version 2009; 64bit' Language: 'pl' Physical Memory: 6060 MB
BatchMode: 1, IsHumanControllingUs: 0, StartBugReporterOnCrash: 0, Is64bit: 1, IsPro: 0

 COMMAND LINE ARGUMENTS:
C:\Program Files\Unity\Hub\Editor\2020.3.0f1\Editor\Unity.exe
-adb2
-batchMode
-noUpm
-name
AssetImportWorker0
-projectPath
E:/INFA/STUDIA/Semestr 4/Multimedia w grach komputerowych/Unity Project/New3DGame/New3DGame
-logFile
Logs/AssetImportWorker0.log
-srvPort
51512
Successfully changed project path to: E:/INFA/STUDIA/Semestr 4/Multimedia w grach komputerowych/Unity Project/New3DGame/New3DGame
E:/INFA/STUDIA/Semestr 4/Multimedia w grach komputerowych/Unity Project/New3DGame/New3DGame
Using Asset Import Pipeline V2.
Refreshing native plugins compatible for Editor in 38.76 ms, found 0 plugins.
Preloading 0 native plugins for Editor in 0.00 ms.
Initialize engine version: 2020.3.0f1 (c7b5465681fb)
[Subsystems] Discovering subsystems at path C:/Program Files/Unity/Hub/Editor/2020.3.0f1/Editor/Data/Resources/UnitySubsystems
[Subsystems] Discovering subsystems at path E:/INFA/STUDIA/Semestr 4/Multimedia w grach komputerowych/Unity Project/New3DGame/New3DGame/Assets
GfxDevice: creating device client; threaded=0
Direct3D:
    Version:  Direct3D 11.0 [level 11.1]
    Renderer: Intel(R) HD Graphics 4600 (ID=0x416)
    Vendor:   
    VRAM:     2048 MB
    Driver:   20.19.15.4624
Initialize mono
Mono path[0] = 'C:/Program Files/Unity/Hub/Editor/2020.3.0f1/Editor/Data/Managed'
Mono path[1] = 'C:/Program Files/Unity/Hub/Editor/2020.3.0f1/Editor/Data/MonoBleedingEdge/lib/mono/unityjit'
Mono config path = 'C:/Program Files/Unity/Hub/Editor/2020.3.0f1/Editor/Data/MonoBleedingEdge/etc'
Using monoOptions --debugger-agent=transport=dt_socket,embedding=1,server=y,suspend=n,address=127.0.0.1:56116
Begin MonoManager ReloadAssembly
Registering precompiled unity dll's ...
Register platform support module: C:/Program Files/Unity/Hub/Editor/2020.3.0f1/Editor/Data/PlaybackEngines/WindowsStandaloneSupport/UnityEditor.WindowsStandalone.Extensions.dll
Registered in 0.002419 seconds.
Native extension for WindowsStandalone target not found
Refreshing native plugins compatible for Editor in 33.08 ms, found 0 plugins.
Preloading 0 native plugins for Editor in 0.00 ms.
Invoked RoslynAnalysisRunner static constructor.
RoslynAnalysisRunner will not be running.
RoslynAnalysisRunner has terminated.
Mono: successfully reloaded assembly
- Completed reload, in  2.290 seconds
Platform modules already initialized, skipping
Registering precompiled user dll's ...
Registered in 0.000784 seconds.
Begin MonoManager ReloadAssembly
Native extension for WindowsStandalone target not found
Refreshing native plugins compatible for Editor in 0.25 ms, found 0 plugins.
Preloading 0 native plugins for Editor in 0.00 ms.
Invoked RoslynAnalysisRunner static constructor.
RoslynAnalysisRunner will not be running.
RoslynAnalysisRunner has terminated.
Mono: successfully reloaded assembly
- Completed reload, in  1.092 seconds
Platform modules already initialized, skipping
========================================================================
Worker process is ready to serve import requests
Launched and connected shader compiler UnityShaderCompiler.exe after 0.10 seconds
Refreshing native plugins compatible for Editor in 0.40 ms, found 0 plugins.
Preloading 0 native plugins for Editor in 0.00 ms.
Unloading 1113 Unused Serialized files (Serialized files now loaded: 0)
System memory in use before: 57.4 MB.
System memory in use after: 57.4 MB.

Unloading 10 unused Assets to reduce memory usage. Loaded Objects now: 1555.
Total: 2.310800 ms (FindLiveObjects: 0.203700 ms CreateObjectMapping: 0.096300 ms MarkObjects: 1.915800 ms  DeleteObjects: 0.093700 ms)

========================================================================
Received Import Request.
  path: Assets/Scenes
  artifactKey: Guid(a372e7a7a4cfb554fb5ed183c13233e5) Importer(815301076,1909f56bfc062723c751e8b465ee728b)
Start importing Assets/Scenes using Guid(a372e7a7a4cfb554fb5ed183c13233e5) Importer(815301076,1909f56bfc062723c751e8b465ee728b)  -> (artifact id: '7f4bb8ff670140ff8d8b296957a90a10') in 0.053424 seconds
  Import took 0.098085 seconds .

========================================================================
Received Import Request.
  Time since last request: 3.271015 seconds.
  path: Assets/Scenes/Test.unity
  artifactKey: Guid(b5bc10cc7b448a240a408bcb3b78810e) Importer(815301076,1909f56bfc062723c751e8b465ee728b)
Start importing Assets/Scenes/Test.unity using Guid(b5bc10cc7b448a240a408bcb3b78810e) Importer(815301076,1909f56bfc062723c751e8b465ee728b)  -> (artifact id: '14fde1810b7adda68fd226a98a90c81f') in 0.028855 seconds
  Import took 0.049588 seconds .

========================================================================
Received Import Request.
  Time since last request: 1189.095561 seconds.
  path: Assets
  artifactKey: Guid(00000000000000001000000000000000) Importer(815301076,1909f56bfc062723c751e8b465ee728b)
Start importing Assets using Guid(00000000000000001000000000000000) Importer(815301076,1909f56bfc062723c751e8b465ee728b)  -> (artifact id: '42baae205c97e3337697759514652acd') in 0.025546 seconds
  Import took 0.074270 seconds .

========================================================================
Received Import Request.
  Time since last request: 7.236339 seconds.
  path: Assets/Scripts
  artifactKey: Guid(4da02380a1706a84c85c1cf0c7c94a0a) Importer(815301076,1909f56bfc062723c751e8b465ee728b)
Start importing Assets/Scripts using Guid(4da02380a1706a84c85c1cf0c7c94a0a) Importer(815301076,1909f56bfc062723c751e8b465ee728b)  -> (artifact id: '95f73bd1eef0c0ff473491227de9c32f') in 0.020899 seconds
  Import took 0.026156 seconds .

========================================================================
Received Import Request.
  Time since last request: 61.442743 seconds.
  path: Assets/Scripts/CameraController.cs
  artifactKey: Guid(7fb346c56c7e1634481ef2b4b1dba0ed) Importer(815301076,1909f56bfc062723c751e8b465ee728b)
Start importing Assets/Scripts/CameraController.cs using Guid(7fb346c56c7e1634481ef2b4b1dba0ed) Importer(815301076,1909f56bfc062723c751e8b465ee728b)  -> (artifact id: '42f025e8ad725e30cd0f461d933f36b4') in 0.144640 seconds
  Import took 0.148675 seconds .

========================================================================
Received Prepare
Registering precompiled user dll's ...
Registered in 0.000854 seconds.
Begin MonoManager ReloadAssembly
Native extension for WindowsStandalone target not found
Refreshing native plugins compatible for Editor in 0.29 ms, found 0 plugins.
Preloading 0 native plugins for Editor in 0.00 ms.
Invoked RoslynAnalysisRunner static constructor.
RoslynAnalysisRunner will not be running.
RoslynAnalysisRunner has terminated.
Mono: successfully reloaded assembly
- Completed reload, in  1.082 seconds
Platform modules already initialized, skipping
Refreshing native plugins compatible for Editor in 0.39 ms, found 0 plugins.
Preloading 0 native plugins for Editor in 0.00 ms.
Unloading 1109 Unused Serialized files (Serialized files now loaded: 0)
System memory in use before: 57.3 MB.
System memory in use after: 57.4 MB.

Unloading 5 unused Assets to reduce memory usage. Loaded Objects now: 1559.
Total: 1.969200 ms (FindLiveObjects: 0.180700 ms CreateObjectMapping: 0.053400 ms MarkObjects: 1.654600 ms  DeleteObjects: 0.079200 ms)

========================================================================
Received Import Request.
  Time since last request: 1511.280297 seconds.
  path: Assets/Scripts/CameraController.cs
  artifactKey: Guid(7fb346c56c7e1634481ef2b4b1dba0ed) Importer(815301076,1909f56bfc062723c751e8b465ee728b)
Start importing Assets/Scripts/CameraController.cs using Guid(7fb346c56c7e1634481ef2b4b1dba0ed) Importer(815301076,1909f56bfc062723c751e8b465ee728b)  -> (artifact id: 'dc3d885c83539b93e3915b6920178c44') in 0.007443 seconds
  Import took 0.043348 seconds .

========================================================================
Received Import Request.
  Time since last request: 0.014601 seconds.
  path: Assets/Scripts/CameraController.cs
  artifactKey: Guid(7fb346c56c7e1634481ef2b4b1dba0ed) Importer(815301076,1909f56bfc062723c751e8b465ee728b)
Start importing Assets/Scripts/CameraController.cs using Guid(7fb346c56c7e1634481ef2b4b1dba0ed) Importer(815301076,1909f56bfc062723c751e8b465ee728b)  -> (artifact id: 'dc3d885c83539b93e3915b6920178c44') in 0.006953 seconds
  Import took 0.010453 seconds .

========================================================================
Received Prepare
Registering precompiled user dll's ...
Registered in 0.000822 seconds.
Begin MonoManager ReloadAssembly
Native extension for WindowsStandalone target not found
Refreshing native plugins compatible for Editor in 0.43 ms, found 0 plugins.
Preloading 0 native plugins for Editor in 0.00 ms.
Invoked RoslynAnalysisRunner static constructor.
RoslynAnalysisRunner will not be running.
RoslynAnalysisRunner has terminated.
Mono: successfully reloaded assembly
- Completed reload, in  1.106 seconds
Platform modules already initialized, skipping
Refreshing native plugins compatible for Editor in 0.39 ms, found 0 plugins.
Preloading 0 native plugins for Editor in 0.00 ms.
Unloading 1109 Unused Serialized files (Serialized files now loaded: 0)
System memory in use before: 57.4 MB.
System memory in use after: 57.4 MB.

Unloading 5 unused Assets to reduce memory usage. Loaded Objects now: 1562.
Total: 2.812400 ms (FindLiveObjects: 0.265300 ms CreateObjectMapping: 0.054600 ms MarkObjects: 2.365200 ms  DeleteObjects: 0.124400 ms)

========================================================================
Received Prepare
Registering precompiled user dll's ...
Registered in 0.000879 seconds.
Begin MonoManager ReloadAssembly
Native extension for WindowsStandalone target not found
Refreshing native plugins compatible for Editor in 0.26 ms, found 0 plugins.
Preloading 0 native plugins for Editor in 0.00 ms.
Invoked RoslynAnalysisRunner static constructor.
RoslynAnalysisRunner will not be running.
RoslynAnalysisRunner has terminated.
Mono: successfully reloaded assembly
- Completed reload, in  1.233 seconds
Platform modules already initialized, skipping
Refreshing native plugins compatible for Editor in 0.40 ms, found 0 plugins.
Preloading 0 native plugins for Editor in 0.00 ms.
Unloading 1109 Unused Serialized files (Serialized files now loaded: 0)
System memory in use before: 57.4 MB.
System memory in use after: 57.5 MB.

Unloading 5 unused Assets to reduce memory usage. Loaded Objects now: 1565.
Total: 1.971900 ms (FindLiveObjects: 0.165000 ms CreateObjectMapping: 0.054500 ms MarkObjects: 1.685100 ms  DeleteObjects: 0.065400 ms)

